{
    "critiques": {
        "680": {
            "rubric_items": {
                "5510": {
                    "result": "failed",
                    "observation": "Not all of the tests passed.\n\n```\n************************************************************************\n                         Test Failure Feedback                          \n************************************************************************\n\nFailed Test: 7. Test functionality of AlphaBetaPlayer.alphabeta()\n----------------------------------------------------------------------\nAssertionError: Cut off search too early. (i.e., a correct implementation of alpha beta search did not prune at the same node as your agent when following the same node expansion order.) \nAlpha: -inf\nBeta: inf\nGame tree evaluation order:\n\n\nNodes are shown with each layer sorted in the order the nodes were expanded\nduring search.  All nodes in each successive layer are children of the\nfurthest-right node in the parent layer above it.\n\nTest Case Details:\n------------------\nHeuristic: improved_score\nDepth limit: 1\nInitial Board State:\n     0   1   2   3   4   5   6   7   8\n0  |   |   |   |   |   |   |   |   |   | \n1  |   |   |   |   |   |   |   |   |   | \n2  |   |   | - |   |   |   |   |   |   | \n3  |   |   | - | - |   |   |   |   |   | \n4  |   |   |   | - | - | - | - |   |   | \n5  |   |   |   | 1 | - | - |   |   |   | \n6  |   |   |   | - |   | - | - |   |   | \n7  |   |   |   | 2 |   |   |   |   |   | \n8  |   |   |   |   |   |   |   |   |   | \n\ngame._board_state:\n[0, 0, 0, 0, 0, 0, 0, 0, 0, 0, 0, 0, 0, 0, 0, 0, 0, 0, 0, 0, 1, 1, 0, 0, 0, 0, 0, 0, 0, 0, 1, 1, 1, 1, 1, 0, 0, 0, 0, 0, 1, 1, 0, 0, 0, 0, 0, 0, 0, 1, 1, 1, 0, 0, 0, 0, 0, 0, 1, 0, 1, 0, 0, 0, 0, 0, 0, 0, 0, 0, 0, 0, 0, 0, 0, 0, 0, 0, 0, 0, 0, 0, 34, 32]\n\n\n\nFailed Test: 11. Test output interface of custom_score()\n----------------------------------------------------------------------\nTraceback (most recent call last):\n  File \"/home/grader/isolation/workspace/game_agent.py\", line 38, in custom_score\n    raise NotImplementedError\nNotImplementedError\n\n\nFailed Test: 12. Test output interface of custom_score_2()\n----------------------------------------------------------------------\nTraceback (most recent call last):\n  File \"/home/grader/isolation/workspace/game_agent.py\", line 64, in custom_score_2\n    raise NotImplementedError\nNotImplementedError\n\n\nFailed Test: 13. Test output interface of custom_score_3()\n----------------------------------------------------------------------\nTraceback (most recent call last):\n  File \"/home/grader/isolation/workspace/game_agent.py\", line 90, in custom_score_3\n    raise NotImplementedError\nNotImplementedError\n\n\n************************************************************************\n                          Test Result Summary                           \n************************************************************************\n\n1. Test output interface of MinimaxPlayer.minimax():                   .\n2. Test functionality of MinimaxPlayer.minimax():                      .\n3. Test that minimax() raises SearchTimeout when the timer expires:    .\n4. Test that MinimaxPlayer successfully plays a full game:             .\n5. Test interface of AlphaBetaPlayer.alphabeta():                      .\n6. Test the interface of AlphaBetaPlayer.get_move():                   .\n7. Test functionality of AlphaBetaPlayer.alphabeta():                  F\n8. Test that alphabeta() raises SearchTimeout when the timer expires:  .\n9. Test iterative deepening in AlphaBetaPlayer.get_move():             .\n10. Test that AlphaBetaPlayer successfully plays a full game:          .\n11. Test output interface of custom_score():                           E\n12. Test output interface of custom_score_2():                         E\n13. Test output interface of custom_score_3():                         E\n\n------------------------------------------------------------------------\n            . - Test Passed    F - Test Failed    E - Error             \n\n```"
                },
                "7303": {
                    "result": "failed",
                    "observation": "Not all of the tests passed.\n\n```\n************************************************************************\n                         Test Failure Feedback                          \n************************************************************************\n\nFailed Test: 14. Submission includes heuristic_analysis.pdf\n----------------------------------------------------------------------\nAssertionError: False is not true : You must submit a report named heuristic_analysis.pdf for review.\n\n\n************************************************************************\n                          Test Result Summary                           \n************************************************************************\n\n14. Submission includes heuristic_analysis.pdf:                        F\n15. Submission includes research_review.pdf:                           .\n\n------------------------------------------------------------------------\n            . - Test Passed    F - Test Failed    E - Error             \n\n```"
                }
            }
        }
    }
}